[0mGET /js/toggle_likes.js [33m404 [0m165.911 ms - 157[0m
[0mGET /js/home_posts.js [33m404 [0m214.759 ms - 155[0m
[0mGET / [32m200 [0m1713.765 ms - 2886[0m
[0mGET /js/chat_engine.js [33m404 [0m759.798 ms - 156[0m
[0mGET /js/home_post_comments.js [33m404 [0m231.657 ms - 163[0m
[0mGET /favicon.ico [33m404 [0m113.835 ms - 150[0m
[0mGET /users/sign-in [32m200 [0m38.879 ms - 2095[0m
[0mGET /users/css/layout.css [33m404 [0m26.249 ms - 159[0m
[0mGET /users/css/header.css [33m404 [0m31.680 ms - 159[0m
[0mGET /users/css/footer.css [33m404 [0m42.828 ms - 159[0m
[0mPOST /users/create-session [36m302 [0m129.595 ms - 72[0m
[0mGET /users/sign-in [32m200 [0m19.020 ms - 2387[0m
[0mGET /users/css/header.css [33m404 [0m15.745 ms - 159[0m
[0mGET /users/css/footer.css [33m404 [0m86.492 ms - 159[0m
[0mGET /users/css/layout.css [33m404 [0m8.123 ms - 159[0m
[0mGET /users/auth/google [36m302 [0m20.005 ms - 0[0m
[0mGET /users/css/layout.css [33m404 [0m12.905 ms - 159[0m
[0mGET /users/css/footer.css [33m404 [0m6.533 ms - 159[0m
[0mGET /users/sign-up [32m200 [0m32.600 ms - 2251[0m
[0mGET /users/css/layout.css [33m404 [0m12.808 ms - 159[0m
[0mGET /users/css/header.css [33m404 [0m5.718 ms - 159[0m
[0mGET /users/css/footer.css [33m404 [0m53.447 ms - 159[0m
[0mPOST /users/create [36m302 [0m95.742 ms - 72[0m
[0mGET /users/sign-in [32m200 [0m20.843 ms - 2095[0m
[0mGET /users/css/layout.css [33m404 [0m7.227 ms - 159[0m
[0mGET /users/css/header.css [33m404 [0m24.002 ms - 159[0m
[0mGET /users/css/footer.css [33m404 [0m17.422 ms - 159[0m
[0mPOST /users/create-session [36m302 [0m18.858 ms - 46[0m
[0mGET / [32m200 [0m87.428 ms - 4036[0m
[0mGET /js/home_post_comments.js [33m404 [0m23.444 ms - 163[0m
[0mGET /js/home_posts.js [33m404 [0m32.017 ms - 155[0m
[0mGET /css/footer.css [33m404 [0m221.189 ms - 153[0m
[0mGET /js/toggle_likes.js [33m404 [0m93.780 ms - 157[0m
[0mGET /css/header.css [33m404 [0m168.844 ms - 153[0m
[0mGET /css/chat_box.css [33m404 [0m152.566 ms - 155[0m
[0mGET /css/home.css [33m404 [0m165.224 ms - 151[0m
[0mGET /css/layout.css [33m404 [0m231.317 ms - 153[0m
[0mGET /js/chat_engine.js [33m404 [0m36.072 ms - 156[0m
[0mPOST /posts/create [36m302 [0m266.215 ms - 88[0m
[0mGET / [32m200 [0m167.331 ms - 5599[0m
[0mGET /js/toggle_likes.js [33m404 [0m121.939 ms - 157[0m
[0mGET /css/layout.css [33m404 [0m160.878 ms - 153[0m
[0mGET /css/header.css [33m404 [0m150.677 ms - 153[0m
[0mGET /css/footer.css [33m404 [0m146.248 ms - 153[0m
[0mGET /css/home.css [33m404 [0m148.883 ms - 151[0m
[0mGET /css/chat_box.css [33m404 [0m157.307 ms - 155[0m
[0mGET /js/chat_engine.js [33m404 [0m227.279 ms - 156[0m
[0mGET /js/home_post_comments.js [33m404 [0m97.714 ms - 163[0m
[0mGET /js/home_posts.js [33m404 [0m74.095 ms - 155[0m
[0mGET /likes/toggle/?id=63b1137e4511d31368b5034a&type=Post [33m404 [0m16.793 ms - 152[0m
[0mGET /css/layout.css [33m404 [0m21.492 ms - 153[0m
[0mGET /js/home_post_comments.js [33m404 [0m123.964 ms - 163[0m
[0mGET /js/toggle_likes.js [33m404 [0m152.449 ms - 157[0m
[0mGET /css/footer.css [33m404 [0m133.202 ms - 153[0m
[0mGET /css/header.css [33m404 [0m169.945 ms - 153[0m
[0mGET /css/home.css [33m404 [0m141.244 ms - 151[0m
[0mGET /css/chat_box.css [33m404 [0m165.773 ms - 155[0m
[0mGET /js/chat_engine.js [33m404 [0m64.973 ms - 156[0m
[0mGET /likes/toggle/?id=63b1137e4511d31368b5034a&type=Post [33m404 [0m27.407 ms - 152[0m
[0mGET /js/toggle_likes.js [33m404 [0m165.271 ms - 157[0m
[0mGET /js/home_post_comments.js [33m404 [0m135.840 ms - 163[0m
[0mGET /css/header.css [33m404 [0m161.353 ms - 153[0m
[0mGET /css/footer.css [33m404 [0m161.305 ms - 153[0m
[0mGET /css/home.css [33m404 [0m170.093 ms - 151[0m
[0mGET /css/chat_box.css [33m404 [0m166.162 ms - 155[0m
[0mGET /js/chat_engine.js [33m404 [0m113.325 ms - 156[0m
[0mPOST /posts/create [36m302 [0m36.285 ms - 88[0m
[0mGET / [32m200 [0m104.831 ms - 7174[0m
[0mGET /css/header.css [33m404 [0m16.438 ms - 153[0m
[0mGET /css/footer.css [33m404 [0m23.001 ms - 153[0m
[0mGET /css/chat_box.css [33m404 [0m215.526 ms - 155[0m
[0mGET /js/home_post_comments.js [33m404 [0m199.610 ms - 163[0m
[0mGET /css/layout.css [33m404 [0m218.180 ms - 153[0m
[0mGET /css/home.css [33m404 [0m233.284 ms - 151[0m
[0mGET /js/home_posts.js [33m404 [0m110.812 ms - 155[0m
[0mGET /js/toggle_likes.js [33m404 [0m112.948 ms - 157[0m
[0mGET /js/chat_engine.js [33m404 [0m147.534 ms - 156[0m
[0mGET / [32m200 [0m897.584 ms - 4386[0m
[0mGET /js/home_post_comments.js [33m404 [0m149.964 ms - 163[0m
[0mGET /js/toggle_likes.js [33m404 [0m69.845 ms - 157[0m
[0mGET /js/chat_engine.js [33m404 [0m50.657 ms - 156[0m
[0mGET /js/home_posts.js [33m404 [0m121.198 ms - 155[0m
[0mGET /favicon.ico [33m404 [0m6.774 ms - 150[0m
[0mGET /users/sign-in [32m200 [0m33.371 ms - 1980[0m
[0mGET /users/css/layout.css [33m404 [0m6.283 ms - 159[0m
[0mGET /users/css/footer.css [33m404 [0m17.068 ms - 159[0m
[0mGET /users/css/header.css [33m404 [0m17.804 ms - 159[0m
[0mGET /users/css/layout.css [33m404 [0m11.746 ms - 159[0m
[0mGET / [32m200 [0m3016.787 ms - 3989[0m
[0mGET /js/toggle_likes.js [33m404 [0m83.706 ms - 157[0m
[0mGET /js/home_posts.js [33m404 [0m31.841 ms - 155[0m
[0mGET /js/home_post_comments.js [33m404 [0m10.287 ms - 163[0m
[0mGET /favicon.ico [33m404 [0m18.612 ms - 150[0m
[0mGET /users/sign-in [32m200 [0m22.268 ms - 1983[0m
[0mGET /css/layout.css [33m404 [0m8.724 ms - 153[0m
[0mGET /css/header.css [33m404 [0m30.020 ms - 153[0m
[0mGET /css/footer.css [33m404 [0m21.532 ms - 153[0m
[0mPOST /users/create-session [36m302 [0m70.025 ms - 46[0m
[0mGET / [32m200 [0m182.998 ms - 5942[0m
[0mGET /css/layout.css [33m404 [0m16.535 ms - 153[0m
[0mGET /js/home_post_comments.js [33m404 [0m102.843 ms - 163[0m
[0mGET /js/home_posts.js [33m404 [0m102.804 ms - 155[0m
[0mGET /css/header.css [33m404 [0m256.124 ms - 153[0m
[0mGET /css/chat_box.css [33m404 [0m347.243 ms - 155[0m
[0mGET /css/home.css [33m404 [0m434.924 ms - 151[0m
[0mGET /css/footer.css [33m404 [0m304.246 ms - 153[0m
[0mGET /js/toggle_likes.js [33m404 [0m280.222 ms - 157[0m
[0mGET /css/layout.css [33m404 [0m458.555 ms - 153[0m
[0mGET /css/header.css [33m404 [0m54.945 ms - 153[0m
[0mGET /css/home.css [33m404 [0m57.848 ms - 151[0m
[0mGET /css/footer.css [33m404 [0m58.585 ms - 153[0m
[0mGET /css/layout.css [33m404 [0m1596.995 ms - 153[0m
[0mGET /css/chat_box.css [33m404 [0m1550.027 ms - 155[0m
[0mGET / [32m200 [0m522.129 ms - 5651[0m
[0mGET /users/sign-out [36m302 [0m113.463 ms - 46[0m
[0mGET / [32m200 [0m126.012 ms - 4278[0m
[0mGET /users/sign-in [36m304 [0m20.981 ms - -[0m
[0mGET /users/sign-in [36m304 [0m89.983 ms - -[0m
[0mPOST /users/create-session [36m302 [0m68.513 ms - 46[0m
[0mGET / [32m200 [0m149.379 ms - 6005[0m
[0mGET / [32m200 [0m248.158 ms - 5720[0m
[0mGET / [32m200 [0m244.987 ms - 5681[0m
[0mGET / [36m304 [0m205.622 ms - -[0m
[0mGET /users/sign-out [36m302 [0m105.147 ms - 46[0m
[0mGET / [36m304 [0m126.925 ms - -[0m
[0mGET /users/sign-out [36m302 [0m14.284 ms - 46[0m
[0mGET / [32m200 [0m101.815 ms - 4245[0m
[0mGET /users/sign-in [36m304 [0m14.264 ms - -[0m
[0mPOST /users/create-session [36m302 [0m15.826 ms - 46[0m
[0mGET / [32m200 [0m105.114 ms - 5972[0m
[0mGET / [32m200 [0m259.029 ms - 5714[0m
[0mGET / [36m304 [0m229.106 ms - -[0m
[0mGET / [32m200 [0m249.042 ms - 5680[0m
[0mGET / [32m200 [0m163.527 ms - 5594[0m
[0mGET /js/home_post.js [33m404 [0m35.318 ms - 154[0m
